[0.008s] Invoking command in '/home/piotr/Desktop/courses/ROS/udemy_2/ROS_course_final_project/final_project_ws/build/my_robot_bringup': AMENT_PREFIX_PATH=/home/piotr/Desktop/courses/ROS/udemy_2/ROS_course_final_project/final_project_ws/install/my_robot_description:${AMENT_PREFIX_PATH} CMAKE_PREFIX_PATH=/home/piotr/Desktop/courses/ROS/udemy_2/ROS_course_final_project/final_project_ws/install/my_robot_description:/home/piotr/Desktop/courses/ROS/udemy_2/final_project_ws/install/my_robot_bringup:/home/piotr/Desktop/courses/ROS/udemy_2/final_project_ws/install/my_robot_description:/opt/ros/humble /usr/bin/cmake /home/piotr/Desktop/courses/ROS/udemy_2/ROS_course_final_project/final_project_ws/src/my_robot_bringup -DCMAKE_INSTALL_PREFIX=/home/piotr/Desktop/courses/ROS/udemy_2/ROS_course_final_project/final_project_ws/install/my_robot_bringup
[0.051s] -- The C compiler identification is GNU 11.4.0
[0.099s] -- The CXX compiler identification is GNU 11.4.0
[0.105s] -- Detecting C compiler ABI info
[0.162s] -- Detecting C compiler ABI info - done
[0.169s] -- Check for working C compiler: /usr/bin/cc - skipped
[0.169s] -- Detecting C compile features
[0.169s] -- Detecting C compile features - done
[0.171s] -- Detecting CXX compiler ABI info
[0.239s] -- Detecting CXX compiler ABI info - done
[0.246s] -- Check for working CXX compiler: /usr/bin/c++ - skipped
[0.246s] -- Detecting CXX compile features
[0.246s] -- Detecting CXX compile features - done
[0.248s] -- Found ament_cmake: 1.3.5 (/opt/ros/humble/share/ament_cmake/cmake)
[0.404s] -- Found Python3: /usr/bin/python3.10 (found version "3.10.12") found components: Interpreter 
[0.574s] -- Configuring done
[0.578s] -- Generating done
[0.579s] -- Build files have been written to: /home/piotr/Desktop/courses/ROS/udemy_2/ROS_course_final_project/final_project_ws/build/my_robot_bringup
[0.583s] Invoked command in '/home/piotr/Desktop/courses/ROS/udemy_2/ROS_course_final_project/final_project_ws/build/my_robot_bringup' returned '0': AMENT_PREFIX_PATH=/home/piotr/Desktop/courses/ROS/udemy_2/ROS_course_final_project/final_project_ws/install/my_robot_description:${AMENT_PREFIX_PATH} CMAKE_PREFIX_PATH=/home/piotr/Desktop/courses/ROS/udemy_2/ROS_course_final_project/final_project_ws/install/my_robot_description:/home/piotr/Desktop/courses/ROS/udemy_2/final_project_ws/install/my_robot_bringup:/home/piotr/Desktop/courses/ROS/udemy_2/final_project_ws/install/my_robot_description:/opt/ros/humble /usr/bin/cmake /home/piotr/Desktop/courses/ROS/udemy_2/ROS_course_final_project/final_project_ws/src/my_robot_bringup -DCMAKE_INSTALL_PREFIX=/home/piotr/Desktop/courses/ROS/udemy_2/ROS_course_final_project/final_project_ws/install/my_robot_bringup
[0.584s] Invoking command in '/home/piotr/Desktop/courses/ROS/udemy_2/ROS_course_final_project/final_project_ws/build/my_robot_bringup': AMENT_PREFIX_PATH=/home/piotr/Desktop/courses/ROS/udemy_2/ROS_course_final_project/final_project_ws/install/my_robot_description:${AMENT_PREFIX_PATH} CMAKE_PREFIX_PATH=/home/piotr/Desktop/courses/ROS/udemy_2/ROS_course_final_project/final_project_ws/install/my_robot_description:/home/piotr/Desktop/courses/ROS/udemy_2/final_project_ws/install/my_robot_bringup:/home/piotr/Desktop/courses/ROS/udemy_2/final_project_ws/install/my_robot_description:/opt/ros/humble /usr/bin/cmake --build /home/piotr/Desktop/courses/ROS/udemy_2/ROS_course_final_project/final_project_ws/build/my_robot_bringup -- -j6 -l6
[0.617s] Invoked command in '/home/piotr/Desktop/courses/ROS/udemy_2/ROS_course_final_project/final_project_ws/build/my_robot_bringup' returned '0': AMENT_PREFIX_PATH=/home/piotr/Desktop/courses/ROS/udemy_2/ROS_course_final_project/final_project_ws/install/my_robot_description:${AMENT_PREFIX_PATH} CMAKE_PREFIX_PATH=/home/piotr/Desktop/courses/ROS/udemy_2/ROS_course_final_project/final_project_ws/install/my_robot_description:/home/piotr/Desktop/courses/ROS/udemy_2/final_project_ws/install/my_robot_bringup:/home/piotr/Desktop/courses/ROS/udemy_2/final_project_ws/install/my_robot_description:/opt/ros/humble /usr/bin/cmake --build /home/piotr/Desktop/courses/ROS/udemy_2/ROS_course_final_project/final_project_ws/build/my_robot_bringup -- -j6 -l6
[0.637s] Invoking command in '/home/piotr/Desktop/courses/ROS/udemy_2/ROS_course_final_project/final_project_ws/build/my_robot_bringup': AMENT_PREFIX_PATH=/home/piotr/Desktop/courses/ROS/udemy_2/ROS_course_final_project/final_project_ws/install/my_robot_description:${AMENT_PREFIX_PATH} CMAKE_PREFIX_PATH=/home/piotr/Desktop/courses/ROS/udemy_2/ROS_course_final_project/final_project_ws/install/my_robot_description:/home/piotr/Desktop/courses/ROS/udemy_2/final_project_ws/install/my_robot_bringup:/home/piotr/Desktop/courses/ROS/udemy_2/final_project_ws/install/my_robot_description:/opt/ros/humble /usr/bin/cmake --install /home/piotr/Desktop/courses/ROS/udemy_2/ROS_course_final_project/final_project_ws/build/my_robot_bringup
[0.642s] -- Install configuration: ""
[0.642s] -- Installing: /home/piotr/Desktop/courses/ROS/udemy_2/ROS_course_final_project/final_project_ws/install/my_robot_bringup/share/my_robot_bringup//launch
[0.642s] -- Installing: /home/piotr/Desktop/courses/ROS/udemy_2/ROS_course_final_project/final_project_ws/install/my_robot_bringup/share/my_robot_bringup//launch/my_robot_gazebo.launch.xml
[0.643s] -- Installing: /home/piotr/Desktop/courses/ROS/udemy_2/ROS_course_final_project/final_project_ws/install/my_robot_bringup/share/my_robot_bringup//rviz
[0.643s] -- Installing: /home/piotr/Desktop/courses/ROS/udemy_2/ROS_course_final_project/final_project_ws/install/my_robot_bringup/share/my_robot_bringup//rviz/urdf_config.rviz
[0.643s] -- Installing: /home/piotr/Desktop/courses/ROS/udemy_2/ROS_course_final_project/final_project_ws/install/my_robot_bringup/share/my_robot_bringup//worlds
[0.643s] -- Installing: /home/piotr/Desktop/courses/ROS/udemy_2/ROS_course_final_project/final_project_ws/install/my_robot_bringup/share/my_robot_bringup//worlds/test_world.world
[0.643s] -- Installing: /home/piotr/Desktop/courses/ROS/udemy_2/ROS_course_final_project/final_project_ws/install/my_robot_bringup/share/my_robot_bringup//worlds/empty.sdf
[0.643s] -- Installing: /home/piotr/Desktop/courses/ROS/udemy_2/ROS_course_final_project/final_project_ws/install/my_robot_bringup/share/ament_index/resource_index/package_run_dependencies/my_robot_bringup
[0.644s] -- Installing: /home/piotr/Desktop/courses/ROS/udemy_2/ROS_course_final_project/final_project_ws/install/my_robot_bringup/share/ament_index/resource_index/parent_prefix_path/my_robot_bringup
[0.644s] -- Installing: /home/piotr/Desktop/courses/ROS/udemy_2/ROS_course_final_project/final_project_ws/install/my_robot_bringup/share/my_robot_bringup/environment/ament_prefix_path.sh
[0.644s] -- Installing: /home/piotr/Desktop/courses/ROS/udemy_2/ROS_course_final_project/final_project_ws/install/my_robot_bringup/share/my_robot_bringup/environment/ament_prefix_path.dsv
[0.644s] -- Installing: /home/piotr/Desktop/courses/ROS/udemy_2/ROS_course_final_project/final_project_ws/install/my_robot_bringup/share/my_robot_bringup/environment/path.sh
[0.644s] -- Installing: /home/piotr/Desktop/courses/ROS/udemy_2/ROS_course_final_project/final_project_ws/install/my_robot_bringup/share/my_robot_bringup/environment/path.dsv
[0.644s] -- Installing: /home/piotr/Desktop/courses/ROS/udemy_2/ROS_course_final_project/final_project_ws/install/my_robot_bringup/share/my_robot_bringup/local_setup.bash
[0.645s] -- Installing: /home/piotr/Desktop/courses/ROS/udemy_2/ROS_course_final_project/final_project_ws/install/my_robot_bringup/share/my_robot_bringup/local_setup.sh
[0.645s] -- Installing: /home/piotr/Desktop/courses/ROS/udemy_2/ROS_course_final_project/final_project_ws/install/my_robot_bringup/share/my_robot_bringup/local_setup.zsh
[0.645s] -- Installing: /home/piotr/Desktop/courses/ROS/udemy_2/ROS_course_final_project/final_project_ws/install/my_robot_bringup/share/my_robot_bringup/local_setup.dsv
[0.645s] -- Installing: /home/piotr/Desktop/courses/ROS/udemy_2/ROS_course_final_project/final_project_ws/install/my_robot_bringup/share/my_robot_bringup/package.dsv
[0.645s] -- Installing: /home/piotr/Desktop/courses/ROS/udemy_2/ROS_course_final_project/final_project_ws/install/my_robot_bringup/share/ament_index/resource_index/packages/my_robot_bringup
[0.645s] -- Installing: /home/piotr/Desktop/courses/ROS/udemy_2/ROS_course_final_project/final_project_ws/install/my_robot_bringup/share/my_robot_bringup/cmake/my_robot_bringupConfig.cmake
[0.645s] -- Installing: /home/piotr/Desktop/courses/ROS/udemy_2/ROS_course_final_project/final_project_ws/install/my_robot_bringup/share/my_robot_bringup/cmake/my_robot_bringupConfig-version.cmake
[0.646s] -- Installing: /home/piotr/Desktop/courses/ROS/udemy_2/ROS_course_final_project/final_project_ws/install/my_robot_bringup/share/my_robot_bringup/package.xml
[0.648s] Invoked command in '/home/piotr/Desktop/courses/ROS/udemy_2/ROS_course_final_project/final_project_ws/build/my_robot_bringup' returned '0': AMENT_PREFIX_PATH=/home/piotr/Desktop/courses/ROS/udemy_2/ROS_course_final_project/final_project_ws/install/my_robot_description:${AMENT_PREFIX_PATH} CMAKE_PREFIX_PATH=/home/piotr/Desktop/courses/ROS/udemy_2/ROS_course_final_project/final_project_ws/install/my_robot_description:/home/piotr/Desktop/courses/ROS/udemy_2/final_project_ws/install/my_robot_bringup:/home/piotr/Desktop/courses/ROS/udemy_2/final_project_ws/install/my_robot_description:/opt/ros/humble /usr/bin/cmake --install /home/piotr/Desktop/courses/ROS/udemy_2/ROS_course_final_project/final_project_ws/build/my_robot_bringup
