[0.270s] DEBUG:colcon:Command line arguments: ['/usr/bin/colcon', 'build']
[0.270s] DEBUG:colcon:Parsed command line arguments: Namespace(log_base=None, log_level=None, verb_name='build', build_base='build', install_base='install', merge_install=False, symlink_install=False, test_result_base=None, continue_on_error=False, executor='parallel', parallel_workers=6, event_handlers=None, ignore_user_meta=False, metas=['./colcon.meta'], base_paths=['.'], packages_ignore=None, packages_ignore_regex=None, paths=None, packages_up_to=None, packages_up_to_regex=None, packages_above=None, packages_above_and_dependencies=None, packages_above_depth=None, packages_select_by_dep=None, packages_skip_by_dep=None, packages_skip_up_to=None, packages_select_build_failed=False, packages_skip_build_finished=False, packages_select_test_failures=False, packages_skip_test_passed=False, packages_select=None, packages_skip=None, packages_select_regex=None, packages_skip_regex=None, packages_start=None, packages_end=None, allow_overriding=[], cmake_args=None, cmake_target=None, cmake_target_skip_unavailable=False, cmake_clean_cache=False, cmake_clean_first=False, cmake_force_configure=False, ament_cmake_args=None, catkin_cmake_args=None, catkin_skip_building_tests=False, verb_parser=<colcon_defaults.argument_parser.defaults.DefaultArgumentsDecorator object at 0x7ff8ee3a8370>, verb_extension=<colcon_core.verb.build.BuildVerb object at 0x7ff8ee35fdc0>, main=<bound method BuildVerb.main of <colcon_core.verb.build.BuildVerb object at 0x7ff8ee35fdc0>>)
[0.288s] Level 1:colcon.colcon_core.package_discovery:discover_packages(colcon_meta) check parameters
[0.288s] Level 1:colcon.colcon_core.package_discovery:discover_packages(recursive) check parameters
[0.288s] Level 1:colcon.colcon_core.package_discovery:discover_packages(ignore) check parameters
[0.288s] Level 1:colcon.colcon_core.package_discovery:discover_packages(path) check parameters
[0.288s] Level 1:colcon.colcon_core.package_discovery:discover_packages(colcon_meta) discover
[0.288s] Level 1:colcon.colcon_core.package_discovery:discover_packages(recursive) discover
[0.288s] INFO:colcon.colcon_core.package_discovery:Crawling recursively for packages in '/home/piotr/Desktop/courses/ROS/udemy_2/ROS_course_final_project/final_project_ws'
[0.288s] Level 1:colcon.colcon_core.package_identification:_identify(.) by extensions ['ignore', 'ignore_ament_install']
[0.288s] Level 1:colcon.colcon_core.package_identification:_identify(.) by extension 'ignore'
[0.288s] Level 1:colcon.colcon_core.package_identification:_identify(.) by extension 'ignore_ament_install'
[0.288s] Level 1:colcon.colcon_core.package_identification:_identify(.) by extensions ['colcon_pkg']
[0.288s] Level 1:colcon.colcon_core.package_identification:_identify(.) by extension 'colcon_pkg'
[0.288s] Level 1:colcon.colcon_core.package_identification:_identify(.) by extensions ['colcon_meta']
[0.288s] Level 1:colcon.colcon_core.package_identification:_identify(.) by extension 'colcon_meta'
[0.289s] Level 1:colcon.colcon_core.package_identification:_identify(.) by extensions ['ros']
[0.289s] Level 1:colcon.colcon_core.package_identification:_identify(.) by extension 'ros'
[0.298s] Level 1:colcon.colcon_core.package_identification:_identify(.) by extensions ['cmake', 'python']
[0.298s] Level 1:colcon.colcon_core.package_identification:_identify(.) by extension 'cmake'
[0.298s] Level 1:colcon.colcon_core.package_identification:_identify(.) by extension 'python'
[0.298s] Level 1:colcon.colcon_core.package_identification:_identify(.) by extensions ['python_setup_py']
[0.298s] Level 1:colcon.colcon_core.package_identification:_identify(.) by extension 'python_setup_py'
[0.298s] Level 1:colcon.colcon_core.package_identification:_identify(build) by extensions ['ignore', 'ignore_ament_install']
[0.298s] Level 1:colcon.colcon_core.package_identification:_identify(build) by extension 'ignore'
[0.298s] Level 1:colcon.colcon_core.package_identification:_identify(build) ignored
[0.298s] Level 1:colcon.colcon_core.package_identification:_identify(install) by extensions ['ignore', 'ignore_ament_install']
[0.298s] Level 1:colcon.colcon_core.package_identification:_identify(install) by extension 'ignore'
[0.298s] Level 1:colcon.colcon_core.package_identification:_identify(install) ignored
[0.298s] Level 1:colcon.colcon_core.package_identification:_identify(log) by extensions ['ignore', 'ignore_ament_install']
[0.298s] Level 1:colcon.colcon_core.package_identification:_identify(log) by extension 'ignore'
[0.298s] Level 1:colcon.colcon_core.package_identification:_identify(log) ignored
[0.299s] Level 1:colcon.colcon_core.package_identification:_identify(src) by extensions ['ignore', 'ignore_ament_install']
[0.299s] Level 1:colcon.colcon_core.package_identification:_identify(src) by extension 'ignore'
[0.299s] Level 1:colcon.colcon_core.package_identification:_identify(src) by extension 'ignore_ament_install'
[0.299s] Level 1:colcon.colcon_core.package_identification:_identify(src) by extensions ['colcon_pkg']
[0.299s] Level 1:colcon.colcon_core.package_identification:_identify(src) by extension 'colcon_pkg'
[0.299s] Level 1:colcon.colcon_core.package_identification:_identify(src) by extensions ['colcon_meta']
[0.299s] Level 1:colcon.colcon_core.package_identification:_identify(src) by extension 'colcon_meta'
[0.299s] Level 1:colcon.colcon_core.package_identification:_identify(src) by extensions ['ros']
[0.299s] Level 1:colcon.colcon_core.package_identification:_identify(src) by extension 'ros'
[0.299s] Level 1:colcon.colcon_core.package_identification:_identify(src) by extensions ['cmake', 'python']
[0.299s] Level 1:colcon.colcon_core.package_identification:_identify(src) by extension 'cmake'
[0.299s] Level 1:colcon.colcon_core.package_identification:_identify(src) by extension 'python'
[0.299s] Level 1:colcon.colcon_core.package_identification:_identify(src) by extensions ['python_setup_py']
[0.299s] Level 1:colcon.colcon_core.package_identification:_identify(src) by extension 'python_setup_py'
[0.299s] Level 1:colcon.colcon_core.package_identification:_identify(src/my_robot_bringup) by extensions ['ignore', 'ignore_ament_install']
[0.299s] Level 1:colcon.colcon_core.package_identification:_identify(src/my_robot_bringup) by extension 'ignore'
[0.299s] Level 1:colcon.colcon_core.package_identification:_identify(src/my_robot_bringup) by extension 'ignore_ament_install'
[0.299s] Level 1:colcon.colcon_core.package_identification:_identify(src/my_robot_bringup) by extensions ['colcon_pkg']
[0.299s] Level 1:colcon.colcon_core.package_identification:_identify(src/my_robot_bringup) by extension 'colcon_pkg'
[0.299s] Level 1:colcon.colcon_core.package_identification:_identify(src/my_robot_bringup) by extensions ['colcon_meta']
[0.299s] Level 1:colcon.colcon_core.package_identification:_identify(src/my_robot_bringup) by extension 'colcon_meta'
[0.299s] Level 1:colcon.colcon_core.package_identification:_identify(src/my_robot_bringup) by extensions ['ros']
[0.299s] Level 1:colcon.colcon_core.package_identification:_identify(src/my_robot_bringup) by extension 'ros'
[0.301s] DEBUG:colcon.colcon_core.package_identification:Package 'src/my_robot_bringup' with type 'ros.ament_cmake' and name 'my_robot_bringup'
[0.301s] Level 1:colcon.colcon_core.package_identification:_identify(src/my_robot_description) by extensions ['ignore', 'ignore_ament_install']
[0.301s] Level 1:colcon.colcon_core.package_identification:_identify(src/my_robot_description) by extension 'ignore'
[0.301s] Level 1:colcon.colcon_core.package_identification:_identify(src/my_robot_description) by extension 'ignore_ament_install'
[0.301s] Level 1:colcon.colcon_core.package_identification:_identify(src/my_robot_description) by extensions ['colcon_pkg']
[0.302s] Level 1:colcon.colcon_core.package_identification:_identify(src/my_robot_description) by extension 'colcon_pkg'
[0.302s] Level 1:colcon.colcon_core.package_identification:_identify(src/my_robot_description) by extensions ['colcon_meta']
[0.302s] Level 1:colcon.colcon_core.package_identification:_identify(src/my_robot_description) by extension 'colcon_meta'
[0.302s] Level 1:colcon.colcon_core.package_identification:_identify(src/my_robot_description) by extensions ['ros']
[0.302s] Level 1:colcon.colcon_core.package_identification:_identify(src/my_robot_description) by extension 'ros'
[0.302s] DEBUG:colcon.colcon_core.package_identification:Package 'src/my_robot_description' with type 'ros.ament_cmake' and name 'my_robot_description'
[0.302s] Level 1:colcon.colcon_core.package_discovery:discover_packages(recursive) using defaults
[0.302s] Level 1:colcon.colcon_core.package_discovery:discover_packages(ignore) discover
[0.302s] Level 1:colcon.colcon_core.package_discovery:discover_packages(ignore) using defaults
[0.302s] Level 1:colcon.colcon_core.package_discovery:discover_packages(path) discover
[0.302s] Level 1:colcon.colcon_core.package_discovery:discover_packages(path) using defaults
[0.320s] Level 1:colcon.colcon_core.package_discovery:discover_packages(prefix_path) check parameters
[0.320s] Level 1:colcon.colcon_core.package_discovery:discover_packages(prefix_path) discover
[0.321s] WARNING:colcon.colcon_core.prefix_path.colcon:The path '/home/piotr/Desktop/courses/ROS/udemy_2/final_project_ws/install' in the environment variable COLCON_PREFIX_PATH doesn't exist
[0.321s] WARNING:colcon.colcon_ros.prefix_path.ament:The path '/home/piotr/Desktop/courses/ROS/udemy_2/final_project_ws/install/my_robot_bringup' in the environment variable AMENT_PREFIX_PATH doesn't exist
[0.321s] WARNING:colcon.colcon_ros.prefix_path.ament:The path '/home/piotr/Desktop/courses/ROS/udemy_2/final_project_ws/install/my_robot_description' in the environment variable AMENT_PREFIX_PATH doesn't exist
[0.321s] WARNING:colcon.colcon_ros.prefix_path.catkin:The path '/home/piotr/Desktop/courses/ROS/udemy_2/final_project_ws/install/my_robot_bringup' in the environment variable CMAKE_PREFIX_PATH doesn't exist
[0.321s] WARNING:colcon.colcon_ros.prefix_path.catkin:The path '/home/piotr/Desktop/courses/ROS/udemy_2/final_project_ws/install/my_robot_description' in the environment variable CMAKE_PREFIX_PATH doesn't exist
[0.323s] DEBUG:colcon.colcon_installed_package_information.package_discovery:Found 319 installed packages in /opt/ros/humble
[0.325s] Level 1:colcon.colcon_core.package_discovery:discover_packages(prefix_path) using defaults
[0.374s] Level 5:colcon.colcon_core.verb:set package 'my_robot_description' build argument 'cmake_args' from command line to 'None'
[0.374s] Level 5:colcon.colcon_core.verb:set package 'my_robot_description' build argument 'cmake_target' from command line to 'None'
[0.374s] Level 5:colcon.colcon_core.verb:set package 'my_robot_description' build argument 'cmake_target_skip_unavailable' from command line to 'False'
[0.374s] Level 5:colcon.colcon_core.verb:set package 'my_robot_description' build argument 'cmake_clean_cache' from command line to 'False'
[0.374s] Level 5:colcon.colcon_core.verb:set package 'my_robot_description' build argument 'cmake_clean_first' from command line to 'False'
[0.374s] Level 5:colcon.colcon_core.verb:set package 'my_robot_description' build argument 'cmake_force_configure' from command line to 'False'
[0.374s] Level 5:colcon.colcon_core.verb:set package 'my_robot_description' build argument 'ament_cmake_args' from command line to 'None'
[0.374s] Level 5:colcon.colcon_core.verb:set package 'my_robot_description' build argument 'catkin_cmake_args' from command line to 'None'
[0.374s] Level 5:colcon.colcon_core.verb:set package 'my_robot_description' build argument 'catkin_skip_building_tests' from command line to 'False'
[0.374s] DEBUG:colcon.colcon_core.verb:Building package 'my_robot_description' with the following arguments: {'ament_cmake_args': None, 'build_base': '/home/piotr/Desktop/courses/ROS/udemy_2/ROS_course_final_project/final_project_ws/build/my_robot_description', 'catkin_cmake_args': None, 'catkin_skip_building_tests': False, 'cmake_args': None, 'cmake_clean_cache': False, 'cmake_clean_first': False, 'cmake_force_configure': False, 'cmake_target': None, 'cmake_target_skip_unavailable': False, 'install_base': '/home/piotr/Desktop/courses/ROS/udemy_2/ROS_course_final_project/final_project_ws/install/my_robot_description', 'merge_install': False, 'path': '/home/piotr/Desktop/courses/ROS/udemy_2/ROS_course_final_project/final_project_ws/src/my_robot_description', 'symlink_install': False, 'test_result_base': None}
[0.375s] Level 5:colcon.colcon_core.verb:set package 'my_robot_bringup' build argument 'cmake_args' from command line to 'None'
[0.375s] Level 5:colcon.colcon_core.verb:set package 'my_robot_bringup' build argument 'cmake_target' from command line to 'None'
[0.375s] Level 5:colcon.colcon_core.verb:set package 'my_robot_bringup' build argument 'cmake_target_skip_unavailable' from command line to 'False'
[0.375s] Level 5:colcon.colcon_core.verb:set package 'my_robot_bringup' build argument 'cmake_clean_cache' from command line to 'False'
[0.375s] Level 5:colcon.colcon_core.verb:set package 'my_robot_bringup' build argument 'cmake_clean_first' from command line to 'False'
[0.375s] Level 5:colcon.colcon_core.verb:set package 'my_robot_bringup' build argument 'cmake_force_configure' from command line to 'False'
[0.375s] Level 5:colcon.colcon_core.verb:set package 'my_robot_bringup' build argument 'ament_cmake_args' from command line to 'None'
[0.375s] Level 5:colcon.colcon_core.verb:set package 'my_robot_bringup' build argument 'catkin_cmake_args' from command line to 'None'
[0.375s] Level 5:colcon.colcon_core.verb:set package 'my_robot_bringup' build argument 'catkin_skip_building_tests' from command line to 'False'
[0.375s] DEBUG:colcon.colcon_core.verb:Building package 'my_robot_bringup' with the following arguments: {'ament_cmake_args': None, 'build_base': '/home/piotr/Desktop/courses/ROS/udemy_2/ROS_course_final_project/final_project_ws/build/my_robot_bringup', 'catkin_cmake_args': None, 'catkin_skip_building_tests': False, 'cmake_args': None, 'cmake_clean_cache': False, 'cmake_clean_first': False, 'cmake_force_configure': False, 'cmake_target': None, 'cmake_target_skip_unavailable': False, 'install_base': '/home/piotr/Desktop/courses/ROS/udemy_2/ROS_course_final_project/final_project_ws/install/my_robot_bringup', 'merge_install': False, 'path': '/home/piotr/Desktop/courses/ROS/udemy_2/ROS_course_final_project/final_project_ws/src/my_robot_bringup', 'symlink_install': False, 'test_result_base': None}
[0.375s] INFO:colcon.colcon_core.executor:Executing jobs using 'parallel' executor
[0.378s] DEBUG:colcon.colcon_parallel_executor.executor.parallel:run_until_complete
[0.378s] INFO:colcon.colcon_ros.task.ament_cmake.build:Building ROS package in '/home/piotr/Desktop/courses/ROS/udemy_2/ROS_course_final_project/final_project_ws/src/my_robot_description' with build type 'ament_cmake'
[0.378s] INFO:colcon.colcon_cmake.task.cmake.build:Building CMake package in '/home/piotr/Desktop/courses/ROS/udemy_2/ROS_course_final_project/final_project_ws/src/my_robot_description'
[0.382s] INFO:colcon.colcon_core.plugin_system:Skipping extension 'colcon_core.shell.bat': Not used on non-Windows systems
[0.382s] INFO:colcon.colcon_core.shell:Skip shell extension 'powershell' for command environment: Not usable outside of PowerShell
[0.382s] DEBUG:colcon.colcon_core.shell:Skip shell extension 'dsv' for command environment
[0.392s] DEBUG:colcon.colcon_core.event_handler.log_command:Invoking command in '/home/piotr/Desktop/courses/ROS/udemy_2/ROS_course_final_project/final_project_ws/build/my_robot_description': CMAKE_PREFIX_PATH=${CMAKE_PREFIX_PATH}:/opt/ros/humble /usr/bin/cmake /home/piotr/Desktop/courses/ROS/udemy_2/ROS_course_final_project/final_project_ws/src/my_robot_description -DCMAKE_INSTALL_PREFIX=/home/piotr/Desktop/courses/ROS/udemy_2/ROS_course_final_project/final_project_ws/install/my_robot_description
[1.038s] DEBUG:colcon.colcon_core.event_handler.log_command:Invoked command in '/home/piotr/Desktop/courses/ROS/udemy_2/ROS_course_final_project/final_project_ws/build/my_robot_description' returned '0': CMAKE_PREFIX_PATH=${CMAKE_PREFIX_PATH}:/opt/ros/humble /usr/bin/cmake /home/piotr/Desktop/courses/ROS/udemy_2/ROS_course_final_project/final_project_ws/src/my_robot_description -DCMAKE_INSTALL_PREFIX=/home/piotr/Desktop/courses/ROS/udemy_2/ROS_course_final_project/final_project_ws/install/my_robot_description
[1.040s] DEBUG:colcon.colcon_core.event_handler.log_command:Invoking command in '/home/piotr/Desktop/courses/ROS/udemy_2/ROS_course_final_project/final_project_ws/build/my_robot_description': CMAKE_PREFIX_PATH=${CMAKE_PREFIX_PATH}:/opt/ros/humble /usr/bin/cmake --build /home/piotr/Desktop/courses/ROS/udemy_2/ROS_course_final_project/final_project_ws/build/my_robot_description -- -j6 -l6
[1.069s] DEBUG:colcon.colcon_core.event_handler.log_command:Invoked command in '/home/piotr/Desktop/courses/ROS/udemy_2/ROS_course_final_project/final_project_ws/build/my_robot_description' returned '0': CMAKE_PREFIX_PATH=${CMAKE_PREFIX_PATH}:/opt/ros/humble /usr/bin/cmake --build /home/piotr/Desktop/courses/ROS/udemy_2/ROS_course_final_project/final_project_ws/build/my_robot_description -- -j6 -l6
[1.106s] DEBUG:colcon.colcon_core.event_handler.log_command:Invoking command in '/home/piotr/Desktop/courses/ROS/udemy_2/ROS_course_final_project/final_project_ws/build/my_robot_description': CMAKE_PREFIX_PATH=${CMAKE_PREFIX_PATH}:/opt/ros/humble /usr/bin/cmake --install /home/piotr/Desktop/courses/ROS/udemy_2/ROS_course_final_project/final_project_ws/build/my_robot_description
[1.116s] Level 1:colcon.colcon_core.environment:create_environment_scripts_only(my_robot_description)
[1.116s] DEBUG:colcon.colcon_core.event_handler.log_command:Invoked command in '/home/piotr/Desktop/courses/ROS/udemy_2/ROS_course_final_project/final_project_ws/build/my_robot_description' returned '0': CMAKE_PREFIX_PATH=${CMAKE_PREFIX_PATH}:/opt/ros/humble /usr/bin/cmake --install /home/piotr/Desktop/courses/ROS/udemy_2/ROS_course_final_project/final_project_ws/build/my_robot_description
[1.119s] Level 1:colcon.colcon_core.environment:checking '/home/piotr/Desktop/courses/ROS/udemy_2/ROS_course_final_project/final_project_ws/install/my_robot_description' for CMake module files
[1.120s] Level 1:colcon.colcon_core.environment:checking '/home/piotr/Desktop/courses/ROS/udemy_2/ROS_course_final_project/final_project_ws/install/my_robot_description' for CMake config files
[1.120s] Level 1:colcon.colcon_core.shell:create_environment_hook('my_robot_description', 'cmake_prefix_path')
[1.121s] INFO:colcon.colcon_core.shell:Creating environment hook '/home/piotr/Desktop/courses/ROS/udemy_2/ROS_course_final_project/final_project_ws/install/my_robot_description/share/my_robot_description/hook/cmake_prefix_path.ps1'
[1.122s] INFO:colcon.colcon_core.shell:Creating environment descriptor '/home/piotr/Desktop/courses/ROS/udemy_2/ROS_course_final_project/final_project_ws/install/my_robot_description/share/my_robot_description/hook/cmake_prefix_path.dsv'
[1.122s] INFO:colcon.colcon_core.shell:Creating environment hook '/home/piotr/Desktop/courses/ROS/udemy_2/ROS_course_final_project/final_project_ws/install/my_robot_description/share/my_robot_description/hook/cmake_prefix_path.sh'
[1.122s] Level 1:colcon.colcon_core.environment:checking '/home/piotr/Desktop/courses/ROS/udemy_2/ROS_course_final_project/final_project_ws/install/my_robot_description/bin'
[1.122s] Level 1:colcon.colcon_core.environment:checking '/home/piotr/Desktop/courses/ROS/udemy_2/ROS_course_final_project/final_project_ws/install/my_robot_description/lib/pkgconfig/my_robot_description.pc'
[1.123s] Level 1:colcon.colcon_core.environment:checking '/home/piotr/Desktop/courses/ROS/udemy_2/ROS_course_final_project/final_project_ws/install/my_robot_description/lib/python3.10/site-packages'
[1.123s] Level 1:colcon.colcon_core.environment:checking '/home/piotr/Desktop/courses/ROS/udemy_2/ROS_course_final_project/final_project_ws/install/my_robot_description/bin'
[1.124s] INFO:colcon.colcon_core.shell:Creating package script '/home/piotr/Desktop/courses/ROS/udemy_2/ROS_course_final_project/final_project_ws/install/my_robot_description/share/my_robot_description/package.ps1'
[1.124s] INFO:colcon.colcon_core.shell:Creating package descriptor '/home/piotr/Desktop/courses/ROS/udemy_2/ROS_course_final_project/final_project_ws/install/my_robot_description/share/my_robot_description/package.dsv'
[1.125s] INFO:colcon.colcon_core.shell:Creating package script '/home/piotr/Desktop/courses/ROS/udemy_2/ROS_course_final_project/final_project_ws/install/my_robot_description/share/my_robot_description/package.sh'
[1.125s] INFO:colcon.colcon_core.shell:Creating package script '/home/piotr/Desktop/courses/ROS/udemy_2/ROS_course_final_project/final_project_ws/install/my_robot_description/share/my_robot_description/package.bash'
[1.126s] INFO:colcon.colcon_core.shell:Creating package script '/home/piotr/Desktop/courses/ROS/udemy_2/ROS_course_final_project/final_project_ws/install/my_robot_description/share/my_robot_description/package.zsh'
[1.126s] Level 1:colcon.colcon_core.environment:create_file_with_runtime_dependencies(/home/piotr/Desktop/courses/ROS/udemy_2/ROS_course_final_project/final_project_ws/install/my_robot_description/share/colcon-core/packages/my_robot_description)
[1.145s] Level 1:colcon.colcon_core.environment:create_environment_scripts_only(my_robot_description)
[1.147s] Level 1:colcon.colcon_core.environment:checking '/home/piotr/Desktop/courses/ROS/udemy_2/ROS_course_final_project/final_project_ws/install/my_robot_description' for CMake module files
[1.147s] Level 1:colcon.colcon_core.environment:checking '/home/piotr/Desktop/courses/ROS/udemy_2/ROS_course_final_project/final_project_ws/install/my_robot_description' for CMake config files
[1.147s] Level 1:colcon.colcon_core.shell:create_environment_hook('my_robot_description', 'cmake_prefix_path')
[1.148s] INFO:colcon.colcon_core.shell:Creating environment hook '/home/piotr/Desktop/courses/ROS/udemy_2/ROS_course_final_project/final_project_ws/install/my_robot_description/share/my_robot_description/hook/cmake_prefix_path.ps1'
[1.149s] INFO:colcon.colcon_core.shell:Creating environment descriptor '/home/piotr/Desktop/courses/ROS/udemy_2/ROS_course_final_project/final_project_ws/install/my_robot_description/share/my_robot_description/hook/cmake_prefix_path.dsv'
[1.149s] INFO:colcon.colcon_core.shell:Creating environment hook '/home/piotr/Desktop/courses/ROS/udemy_2/ROS_course_final_project/final_project_ws/install/my_robot_description/share/my_robot_description/hook/cmake_prefix_path.sh'
[1.149s] Level 1:colcon.colcon_core.environment:checking '/home/piotr/Desktop/courses/ROS/udemy_2/ROS_course_final_project/final_project_ws/install/my_robot_description/bin'
[1.149s] Level 1:colcon.colcon_core.environment:checking '/home/piotr/Desktop/courses/ROS/udemy_2/ROS_course_final_project/final_project_ws/install/my_robot_description/lib/pkgconfig/my_robot_description.pc'
[1.150s] Level 1:colcon.colcon_core.environment:checking '/home/piotr/Desktop/courses/ROS/udemy_2/ROS_course_final_project/final_project_ws/install/my_robot_description/lib/python3.10/site-packages'
[1.150s] Level 1:colcon.colcon_core.environment:checking '/home/piotr/Desktop/courses/ROS/udemy_2/ROS_course_final_project/final_project_ws/install/my_robot_description/bin'
[1.151s] INFO:colcon.colcon_core.shell:Creating package script '/home/piotr/Desktop/courses/ROS/udemy_2/ROS_course_final_project/final_project_ws/install/my_robot_description/share/my_robot_description/package.ps1'
[1.151s] INFO:colcon.colcon_core.shell:Creating package descriptor '/home/piotr/Desktop/courses/ROS/udemy_2/ROS_course_final_project/final_project_ws/install/my_robot_description/share/my_robot_description/package.dsv'
[1.152s] INFO:colcon.colcon_core.shell:Creating package script '/home/piotr/Desktop/courses/ROS/udemy_2/ROS_course_final_project/final_project_ws/install/my_robot_description/share/my_robot_description/package.sh'
[1.152s] INFO:colcon.colcon_core.shell:Creating package script '/home/piotr/Desktop/courses/ROS/udemy_2/ROS_course_final_project/final_project_ws/install/my_robot_description/share/my_robot_description/package.bash'
[1.152s] INFO:colcon.colcon_core.shell:Creating package script '/home/piotr/Desktop/courses/ROS/udemy_2/ROS_course_final_project/final_project_ws/install/my_robot_description/share/my_robot_description/package.zsh'
[1.152s] Level 1:colcon.colcon_core.environment:create_file_with_runtime_dependencies(/home/piotr/Desktop/courses/ROS/udemy_2/ROS_course_final_project/final_project_ws/install/my_robot_description/share/colcon-core/packages/my_robot_description)
[1.153s] INFO:colcon.colcon_ros.task.ament_cmake.build:Building ROS package in '/home/piotr/Desktop/courses/ROS/udemy_2/ROS_course_final_project/final_project_ws/src/my_robot_bringup' with build type 'ament_cmake'
[1.153s] INFO:colcon.colcon_cmake.task.cmake.build:Building CMake package in '/home/piotr/Desktop/courses/ROS/udemy_2/ROS_course_final_project/final_project_ws/src/my_robot_bringup'
[1.154s] INFO:colcon.colcon_core.shell:Skip shell extension 'powershell' for command environment: Not usable outside of PowerShell
[1.154s] DEBUG:colcon.colcon_core.shell:Skip shell extension 'dsv' for command environment
[1.163s] DEBUG:colcon.colcon_core.event_handler.log_command:Invoking command in '/home/piotr/Desktop/courses/ROS/udemy_2/ROS_course_final_project/final_project_ws/build/my_robot_bringup': AMENT_PREFIX_PATH=/home/piotr/Desktop/courses/ROS/udemy_2/ROS_course_final_project/final_project_ws/install/my_robot_description:${AMENT_PREFIX_PATH} CMAKE_PREFIX_PATH=/home/piotr/Desktop/courses/ROS/udemy_2/ROS_course_final_project/final_project_ws/install/my_robot_description:/home/piotr/Desktop/courses/ROS/udemy_2/final_project_ws/install/my_robot_bringup:/home/piotr/Desktop/courses/ROS/udemy_2/final_project_ws/install/my_robot_description:/opt/ros/humble /usr/bin/cmake /home/piotr/Desktop/courses/ROS/udemy_2/ROS_course_final_project/final_project_ws/src/my_robot_bringup -DCMAKE_INSTALL_PREFIX=/home/piotr/Desktop/courses/ROS/udemy_2/ROS_course_final_project/final_project_ws/install/my_robot_bringup
[1.738s] DEBUG:colcon.colcon_core.event_handler.log_command:Invoked command in '/home/piotr/Desktop/courses/ROS/udemy_2/ROS_course_final_project/final_project_ws/build/my_robot_bringup' returned '0': AMENT_PREFIX_PATH=/home/piotr/Desktop/courses/ROS/udemy_2/ROS_course_final_project/final_project_ws/install/my_robot_description:${AMENT_PREFIX_PATH} CMAKE_PREFIX_PATH=/home/piotr/Desktop/courses/ROS/udemy_2/ROS_course_final_project/final_project_ws/install/my_robot_description:/home/piotr/Desktop/courses/ROS/udemy_2/final_project_ws/install/my_robot_bringup:/home/piotr/Desktop/courses/ROS/udemy_2/final_project_ws/install/my_robot_description:/opt/ros/humble /usr/bin/cmake /home/piotr/Desktop/courses/ROS/udemy_2/ROS_course_final_project/final_project_ws/src/my_robot_bringup -DCMAKE_INSTALL_PREFIX=/home/piotr/Desktop/courses/ROS/udemy_2/ROS_course_final_project/final_project_ws/install/my_robot_bringup
[1.740s] DEBUG:colcon.colcon_core.event_handler.log_command:Invoking command in '/home/piotr/Desktop/courses/ROS/udemy_2/ROS_course_final_project/final_project_ws/build/my_robot_bringup': AMENT_PREFIX_PATH=/home/piotr/Desktop/courses/ROS/udemy_2/ROS_course_final_project/final_project_ws/install/my_robot_description:${AMENT_PREFIX_PATH} CMAKE_PREFIX_PATH=/home/piotr/Desktop/courses/ROS/udemy_2/ROS_course_final_project/final_project_ws/install/my_robot_description:/home/piotr/Desktop/courses/ROS/udemy_2/final_project_ws/install/my_robot_bringup:/home/piotr/Desktop/courses/ROS/udemy_2/final_project_ws/install/my_robot_description:/opt/ros/humble /usr/bin/cmake --build /home/piotr/Desktop/courses/ROS/udemy_2/ROS_course_final_project/final_project_ws/build/my_robot_bringup -- -j6 -l6
[1.772s] DEBUG:colcon.colcon_core.event_handler.log_command:Invoked command in '/home/piotr/Desktop/courses/ROS/udemy_2/ROS_course_final_project/final_project_ws/build/my_robot_bringup' returned '0': AMENT_PREFIX_PATH=/home/piotr/Desktop/courses/ROS/udemy_2/ROS_course_final_project/final_project_ws/install/my_robot_description:${AMENT_PREFIX_PATH} CMAKE_PREFIX_PATH=/home/piotr/Desktop/courses/ROS/udemy_2/ROS_course_final_project/final_project_ws/install/my_robot_description:/home/piotr/Desktop/courses/ROS/udemy_2/final_project_ws/install/my_robot_bringup:/home/piotr/Desktop/courses/ROS/udemy_2/final_project_ws/install/my_robot_description:/opt/ros/humble /usr/bin/cmake --build /home/piotr/Desktop/courses/ROS/udemy_2/ROS_course_final_project/final_project_ws/build/my_robot_bringup -- -j6 -l6
[1.792s] DEBUG:colcon.colcon_core.event_handler.log_command:Invoking command in '/home/piotr/Desktop/courses/ROS/udemy_2/ROS_course_final_project/final_project_ws/build/my_robot_bringup': AMENT_PREFIX_PATH=/home/piotr/Desktop/courses/ROS/udemy_2/ROS_course_final_project/final_project_ws/install/my_robot_description:${AMENT_PREFIX_PATH} CMAKE_PREFIX_PATH=/home/piotr/Desktop/courses/ROS/udemy_2/ROS_course_final_project/final_project_ws/install/my_robot_description:/home/piotr/Desktop/courses/ROS/udemy_2/final_project_ws/install/my_robot_bringup:/home/piotr/Desktop/courses/ROS/udemy_2/final_project_ws/install/my_robot_description:/opt/ros/humble /usr/bin/cmake --install /home/piotr/Desktop/courses/ROS/udemy_2/ROS_course_final_project/final_project_ws/build/my_robot_bringup
[1.801s] Level 1:colcon.colcon_core.environment:create_environment_scripts_only(my_robot_bringup)
[1.803s] Level 1:colcon.colcon_core.environment:checking '/home/piotr/Desktop/courses/ROS/udemy_2/ROS_course_final_project/final_project_ws/install/my_robot_bringup' for CMake module files
[1.804s] DEBUG:colcon.colcon_core.event_handler.log_command:Invoked command in '/home/piotr/Desktop/courses/ROS/udemy_2/ROS_course_final_project/final_project_ws/build/my_robot_bringup' returned '0': AMENT_PREFIX_PATH=/home/piotr/Desktop/courses/ROS/udemy_2/ROS_course_final_project/final_project_ws/install/my_robot_description:${AMENT_PREFIX_PATH} CMAKE_PREFIX_PATH=/home/piotr/Desktop/courses/ROS/udemy_2/ROS_course_final_project/final_project_ws/install/my_robot_description:/home/piotr/Desktop/courses/ROS/udemy_2/final_project_ws/install/my_robot_bringup:/home/piotr/Desktop/courses/ROS/udemy_2/final_project_ws/install/my_robot_description:/opt/ros/humble /usr/bin/cmake --install /home/piotr/Desktop/courses/ROS/udemy_2/ROS_course_final_project/final_project_ws/build/my_robot_bringup
[1.804s] Level 1:colcon.colcon_core.environment:checking '/home/piotr/Desktop/courses/ROS/udemy_2/ROS_course_final_project/final_project_ws/install/my_robot_bringup' for CMake config files
[1.804s] Level 1:colcon.colcon_core.shell:create_environment_hook('my_robot_bringup', 'cmake_prefix_path')
[1.805s] INFO:colcon.colcon_core.shell:Creating environment hook '/home/piotr/Desktop/courses/ROS/udemy_2/ROS_course_final_project/final_project_ws/install/my_robot_bringup/share/my_robot_bringup/hook/cmake_prefix_path.ps1'
[1.805s] INFO:colcon.colcon_core.shell:Creating environment descriptor '/home/piotr/Desktop/courses/ROS/udemy_2/ROS_course_final_project/final_project_ws/install/my_robot_bringup/share/my_robot_bringup/hook/cmake_prefix_path.dsv'
[1.806s] INFO:colcon.colcon_core.shell:Creating environment hook '/home/piotr/Desktop/courses/ROS/udemy_2/ROS_course_final_project/final_project_ws/install/my_robot_bringup/share/my_robot_bringup/hook/cmake_prefix_path.sh'
[1.806s] Level 1:colcon.colcon_core.environment:checking '/home/piotr/Desktop/courses/ROS/udemy_2/ROS_course_final_project/final_project_ws/install/my_robot_bringup/bin'
[1.806s] Level 1:colcon.colcon_core.environment:checking '/home/piotr/Desktop/courses/ROS/udemy_2/ROS_course_final_project/final_project_ws/install/my_robot_bringup/lib/pkgconfig/my_robot_bringup.pc'
[1.806s] Level 1:colcon.colcon_core.environment:checking '/home/piotr/Desktop/courses/ROS/udemy_2/ROS_course_final_project/final_project_ws/install/my_robot_bringup/lib/python3.10/site-packages'
[1.806s] Level 1:colcon.colcon_core.environment:checking '/home/piotr/Desktop/courses/ROS/udemy_2/ROS_course_final_project/final_project_ws/install/my_robot_bringup/bin'
[1.807s] INFO:colcon.colcon_core.shell:Creating package script '/home/piotr/Desktop/courses/ROS/udemy_2/ROS_course_final_project/final_project_ws/install/my_robot_bringup/share/my_robot_bringup/package.ps1'
[1.808s] INFO:colcon.colcon_core.shell:Creating package descriptor '/home/piotr/Desktop/courses/ROS/udemy_2/ROS_course_final_project/final_project_ws/install/my_robot_bringup/share/my_robot_bringup/package.dsv'
[1.808s] INFO:colcon.colcon_core.shell:Creating package script '/home/piotr/Desktop/courses/ROS/udemy_2/ROS_course_final_project/final_project_ws/install/my_robot_bringup/share/my_robot_bringup/package.sh'
[1.808s] INFO:colcon.colcon_core.shell:Creating package script '/home/piotr/Desktop/courses/ROS/udemy_2/ROS_course_final_project/final_project_ws/install/my_robot_bringup/share/my_robot_bringup/package.bash'
[1.809s] INFO:colcon.colcon_core.shell:Creating package script '/home/piotr/Desktop/courses/ROS/udemy_2/ROS_course_final_project/final_project_ws/install/my_robot_bringup/share/my_robot_bringup/package.zsh'
[1.809s] Level 1:colcon.colcon_core.environment:create_file_with_runtime_dependencies(/home/piotr/Desktop/courses/ROS/udemy_2/ROS_course_final_project/final_project_ws/install/my_robot_bringup/share/colcon-core/packages/my_robot_bringup)
[1.831s] Level 1:colcon.colcon_core.environment:create_environment_scripts_only(my_robot_bringup)
[1.832s] Level 1:colcon.colcon_core.environment:checking '/home/piotr/Desktop/courses/ROS/udemy_2/ROS_course_final_project/final_project_ws/install/my_robot_bringup' for CMake module files
[1.833s] Level 1:colcon.colcon_core.environment:checking '/home/piotr/Desktop/courses/ROS/udemy_2/ROS_course_final_project/final_project_ws/install/my_robot_bringup' for CMake config files
[1.833s] Level 1:colcon.colcon_core.shell:create_environment_hook('my_robot_bringup', 'cmake_prefix_path')
[1.834s] INFO:colcon.colcon_core.shell:Creating environment hook '/home/piotr/Desktop/courses/ROS/udemy_2/ROS_course_final_project/final_project_ws/install/my_robot_bringup/share/my_robot_bringup/hook/cmake_prefix_path.ps1'
[1.834s] INFO:colcon.colcon_core.shell:Creating environment descriptor '/home/piotr/Desktop/courses/ROS/udemy_2/ROS_course_final_project/final_project_ws/install/my_robot_bringup/share/my_robot_bringup/hook/cmake_prefix_path.dsv'
[1.834s] INFO:colcon.colcon_core.shell:Creating environment hook '/home/piotr/Desktop/courses/ROS/udemy_2/ROS_course_final_project/final_project_ws/install/my_robot_bringup/share/my_robot_bringup/hook/cmake_prefix_path.sh'
[1.835s] Level 1:colcon.colcon_core.environment:checking '/home/piotr/Desktop/courses/ROS/udemy_2/ROS_course_final_project/final_project_ws/install/my_robot_bringup/bin'
[1.835s] Level 1:colcon.colcon_core.environment:checking '/home/piotr/Desktop/courses/ROS/udemy_2/ROS_course_final_project/final_project_ws/install/my_robot_bringup/lib/pkgconfig/my_robot_bringup.pc'
[1.835s] Level 1:colcon.colcon_core.environment:checking '/home/piotr/Desktop/courses/ROS/udemy_2/ROS_course_final_project/final_project_ws/install/my_robot_bringup/lib/python3.10/site-packages'
[1.835s] Level 1:colcon.colcon_core.environment:checking '/home/piotr/Desktop/courses/ROS/udemy_2/ROS_course_final_project/final_project_ws/install/my_robot_bringup/bin'
[1.836s] INFO:colcon.colcon_core.shell:Creating package script '/home/piotr/Desktop/courses/ROS/udemy_2/ROS_course_final_project/final_project_ws/install/my_robot_bringup/share/my_robot_bringup/package.ps1'
[1.837s] INFO:colcon.colcon_core.shell:Creating package descriptor '/home/piotr/Desktop/courses/ROS/udemy_2/ROS_course_final_project/final_project_ws/install/my_robot_bringup/share/my_robot_bringup/package.dsv'
[1.837s] INFO:colcon.colcon_core.shell:Creating package script '/home/piotr/Desktop/courses/ROS/udemy_2/ROS_course_final_project/final_project_ws/install/my_robot_bringup/share/my_robot_bringup/package.sh'
[1.837s] INFO:colcon.colcon_core.shell:Creating package script '/home/piotr/Desktop/courses/ROS/udemy_2/ROS_course_final_project/final_project_ws/install/my_robot_bringup/share/my_robot_bringup/package.bash'
[1.837s] INFO:colcon.colcon_core.shell:Creating package script '/home/piotr/Desktop/courses/ROS/udemy_2/ROS_course_final_project/final_project_ws/install/my_robot_bringup/share/my_robot_bringup/package.zsh'
[1.838s] Level 1:colcon.colcon_core.environment:create_file_with_runtime_dependencies(/home/piotr/Desktop/courses/ROS/udemy_2/ROS_course_final_project/final_project_ws/install/my_robot_bringup/share/colcon-core/packages/my_robot_bringup)
[1.838s] DEBUG:colcon.colcon_parallel_executor.executor.parallel:closing loop
[1.838s] DEBUG:colcon.colcon_parallel_executor.executor.parallel:loop closed
[1.838s] DEBUG:colcon.colcon_parallel_executor.executor.parallel:run_until_complete finished with '0'
[1.838s] DEBUG:colcon.colcon_core.event_reactor:joining thread
[1.842s] INFO:colcon.colcon_core.plugin_system:Skipping extension 'colcon_notification.desktop_notification.terminal_notifier': Not used on non-Darwin systems
[1.843s] INFO:colcon.colcon_core.plugin_system:Skipping extension 'colcon_notification.desktop_notification.win32': Not used on non-Windows systems
[1.843s] INFO:colcon.colcon_notification.desktop_notification:Sending desktop notification using 'notify2'
[1.856s] DEBUG:colcon.colcon_core.event_reactor:joined thread
[1.858s] INFO:colcon.colcon_core.shell:Creating prefix script '/home/piotr/Desktop/courses/ROS/udemy_2/ROS_course_final_project/final_project_ws/install/local_setup.ps1'
[1.859s] INFO:colcon.colcon_core.shell:Creating prefix util module '/home/piotr/Desktop/courses/ROS/udemy_2/ROS_course_final_project/final_project_ws/install/_local_setup_util_ps1.py'
[1.859s] INFO:colcon.colcon_core.shell:Creating prefix chain script '/home/piotr/Desktop/courses/ROS/udemy_2/ROS_course_final_project/final_project_ws/install/setup.ps1'
[1.861s] INFO:colcon.colcon_core.shell:Creating prefix script '/home/piotr/Desktop/courses/ROS/udemy_2/ROS_course_final_project/final_project_ws/install/local_setup.sh'
[1.861s] INFO:colcon.colcon_core.shell:Creating prefix util module '/home/piotr/Desktop/courses/ROS/udemy_2/ROS_course_final_project/final_project_ws/install/_local_setup_util_sh.py'
[1.861s] INFO:colcon.colcon_core.shell:Creating prefix chain script '/home/piotr/Desktop/courses/ROS/udemy_2/ROS_course_final_project/final_project_ws/install/setup.sh'
[1.862s] INFO:colcon.colcon_core.shell:Creating prefix script '/home/piotr/Desktop/courses/ROS/udemy_2/ROS_course_final_project/final_project_ws/install/local_setup.bash'
[1.862s] INFO:colcon.colcon_core.shell:Creating prefix chain script '/home/piotr/Desktop/courses/ROS/udemy_2/ROS_course_final_project/final_project_ws/install/setup.bash'
[1.863s] INFO:colcon.colcon_core.shell:Creating prefix script '/home/piotr/Desktop/courses/ROS/udemy_2/ROS_course_final_project/final_project_ws/install/local_setup.zsh'
[1.864s] INFO:colcon.colcon_core.shell:Creating prefix chain script '/home/piotr/Desktop/courses/ROS/udemy_2/ROS_course_final_project/final_project_ws/install/setup.zsh'
