[0.012s] Invoking command in '/home/piotr/Desktop/courses/ROS/udemy_2/ROS_course_final_project/final_project_ws/build/my_robot_description': CMAKE_PREFIX_PATH=${CMAKE_PREFIX_PATH}:/opt/ros/humble /usr/bin/cmake /home/piotr/Desktop/courses/ROS/udemy_2/ROS_course_final_project/final_project_ws/src/my_robot_description -DCMAKE_INSTALL_PREFIX=/home/piotr/Desktop/courses/ROS/udemy_2/ROS_course_final_project/final_project_ws/install/my_robot_description
[0.077s] -- The C compiler identification is GNU 11.4.0
[0.122s] -- The CXX compiler identification is GNU 11.4.0
[0.133s] -- Detecting C compiler ABI info
[0.200s] -- Detecting C compiler ABI info - done
[0.207s] -- Check for working C compiler: /usr/bin/cc - skipped
[0.207s] -- Detecting C compile features
[0.207s] -- Detecting C compile features - done
[0.209s] -- Detecting CXX compiler ABI info
[0.293s] -- Detecting CXX compiler ABI info - done
[0.300s] -- Check for working CXX compiler: /usr/bin/c++ - skipped
[0.300s] -- Detecting CXX compile features
[0.300s] -- Detecting CXX compile features - done
[0.302s] -- Found ament_cmake: 1.3.5 (/opt/ros/humble/share/ament_cmake/cmake)
[0.499s] -- Found Python3: /usr/bin/python3.10 (found version "3.10.12") found components: Interpreter 
[0.647s] -- Configuring done
[0.651s] -- Generating done
[0.653s] -- Build files have been written to: /home/piotr/Desktop/courses/ROS/udemy_2/ROS_course_final_project/final_project_ws/build/my_robot_description
[0.658s] Invoked command in '/home/piotr/Desktop/courses/ROS/udemy_2/ROS_course_final_project/final_project_ws/build/my_robot_description' returned '0': CMAKE_PREFIX_PATH=${CMAKE_PREFIX_PATH}:/opt/ros/humble /usr/bin/cmake /home/piotr/Desktop/courses/ROS/udemy_2/ROS_course_final_project/final_project_ws/src/my_robot_description -DCMAKE_INSTALL_PREFIX=/home/piotr/Desktop/courses/ROS/udemy_2/ROS_course_final_project/final_project_ws/install/my_robot_description
[0.660s] Invoking command in '/home/piotr/Desktop/courses/ROS/udemy_2/ROS_course_final_project/final_project_ws/build/my_robot_description': CMAKE_PREFIX_PATH=${CMAKE_PREFIX_PATH}:/opt/ros/humble /usr/bin/cmake --build /home/piotr/Desktop/courses/ROS/udemy_2/ROS_course_final_project/final_project_ws/build/my_robot_description -- -j6 -l6
[0.689s] Invoked command in '/home/piotr/Desktop/courses/ROS/udemy_2/ROS_course_final_project/final_project_ws/build/my_robot_description' returned '0': CMAKE_PREFIX_PATH=${CMAKE_PREFIX_PATH}:/opt/ros/humble /usr/bin/cmake --build /home/piotr/Desktop/courses/ROS/udemy_2/ROS_course_final_project/final_project_ws/build/my_robot_description -- -j6 -l6
[0.726s] Invoking command in '/home/piotr/Desktop/courses/ROS/udemy_2/ROS_course_final_project/final_project_ws/build/my_robot_description': CMAKE_PREFIX_PATH=${CMAKE_PREFIX_PATH}:/opt/ros/humble /usr/bin/cmake --install /home/piotr/Desktop/courses/ROS/udemy_2/ROS_course_final_project/final_project_ws/build/my_robot_description
[0.733s] -- Install configuration: ""
[0.733s] -- Installing: /home/piotr/Desktop/courses/ROS/udemy_2/ROS_course_final_project/final_project_ws/install/my_robot_description/share/my_robot_description//urdf
[0.733s] -- Installing: /home/piotr/Desktop/courses/ROS/udemy_2/ROS_course_final_project/final_project_ws/install/my_robot_description/share/my_robot_description//urdf/mobile_base.xacro
[0.733s] -- Installing: /home/piotr/Desktop/courses/ROS/udemy_2/ROS_course_final_project/final_project_ws/install/my_robot_description/share/my_robot_description//urdf/mobile_base_gazebo.xacro
[0.733s] -- Installing: /home/piotr/Desktop/courses/ROS/udemy_2/ROS_course_final_project/final_project_ws/install/my_robot_description/share/my_robot_description//urdf/my_robot.urdf.xacro
[0.733s] -- Installing: /home/piotr/Desktop/courses/ROS/udemy_2/ROS_course_final_project/final_project_ws/install/my_robot_description/share/my_robot_description//urdf/common_properties.xacro
[0.733s] -- Installing: /home/piotr/Desktop/courses/ROS/udemy_2/ROS_course_final_project/final_project_ws/install/my_robot_description/share/my_robot_description//launch
[0.734s] -- Installing: /home/piotr/Desktop/courses/ROS/udemy_2/ROS_course_final_project/final_project_ws/install/my_robot_description/share/my_robot_description//launch/display.launch.xml
[0.734s] -- Installing: /home/piotr/Desktop/courses/ROS/udemy_2/ROS_course_final_project/final_project_ws/install/my_robot_description/share/my_robot_description//launch/display.launch.py
[0.734s] -- Installing: /home/piotr/Desktop/courses/ROS/udemy_2/ROS_course_final_project/final_project_ws/install/my_robot_description/share/my_robot_description//rviz
[0.734s] -- Installing: /home/piotr/Desktop/courses/ROS/udemy_2/ROS_course_final_project/final_project_ws/install/my_robot_description/share/my_robot_description//rviz/urdf_config.rviz
[0.734s] -- Installing: /home/piotr/Desktop/courses/ROS/udemy_2/ROS_course_final_project/final_project_ws/install/my_robot_description/share/ament_index/resource_index/package_run_dependencies/my_robot_description
[0.734s] -- Installing: /home/piotr/Desktop/courses/ROS/udemy_2/ROS_course_final_project/final_project_ws/install/my_robot_description/share/ament_index/resource_index/parent_prefix_path/my_robot_description
[0.734s] -- Installing: /home/piotr/Desktop/courses/ROS/udemy_2/ROS_course_final_project/final_project_ws/install/my_robot_description/share/my_robot_description/environment/ament_prefix_path.sh
[0.734s] -- Installing: /home/piotr/Desktop/courses/ROS/udemy_2/ROS_course_final_project/final_project_ws/install/my_robot_description/share/my_robot_description/environment/ament_prefix_path.dsv
[0.734s] -- Installing: /home/piotr/Desktop/courses/ROS/udemy_2/ROS_course_final_project/final_project_ws/install/my_robot_description/share/my_robot_description/environment/path.sh
[0.734s] -- Installing: /home/piotr/Desktop/courses/ROS/udemy_2/ROS_course_final_project/final_project_ws/install/my_robot_description/share/my_robot_description/environment/path.dsv
[0.734s] -- Installing: /home/piotr/Desktop/courses/ROS/udemy_2/ROS_course_final_project/final_project_ws/install/my_robot_description/share/my_robot_description/local_setup.bash
[0.734s] -- Installing: /home/piotr/Desktop/courses/ROS/udemy_2/ROS_course_final_project/final_project_ws/install/my_robot_description/share/my_robot_description/local_setup.sh
[0.734s] -- Installing: /home/piotr/Desktop/courses/ROS/udemy_2/ROS_course_final_project/final_project_ws/install/my_robot_description/share/my_robot_description/local_setup.zsh
[0.735s] -- Installing: /home/piotr/Desktop/courses/ROS/udemy_2/ROS_course_final_project/final_project_ws/install/my_robot_description/share/my_robot_description/local_setup.dsv
[0.735s] -- Installing: /home/piotr/Desktop/courses/ROS/udemy_2/ROS_course_final_project/final_project_ws/install/my_robot_description/share/my_robot_description/package.dsv
[0.735s] -- Installing: /home/piotr/Desktop/courses/ROS/udemy_2/ROS_course_final_project/final_project_ws/install/my_robot_description/share/ament_index/resource_index/packages/my_robot_description
[0.735s] -- Installing: /home/piotr/Desktop/courses/ROS/udemy_2/ROS_course_final_project/final_project_ws/install/my_robot_description/share/my_robot_description/cmake/my_robot_descriptionConfig.cmake
[0.735s] -- Installing: /home/piotr/Desktop/courses/ROS/udemy_2/ROS_course_final_project/final_project_ws/install/my_robot_description/share/my_robot_description/cmake/my_robot_descriptionConfig-version.cmake
[0.735s] -- Installing: /home/piotr/Desktop/courses/ROS/udemy_2/ROS_course_final_project/final_project_ws/install/my_robot_description/share/my_robot_description/package.xml
[0.736s] Invoked command in '/home/piotr/Desktop/courses/ROS/udemy_2/ROS_course_final_project/final_project_ws/build/my_robot_description' returned '0': CMAKE_PREFIX_PATH=${CMAKE_PREFIX_PATH}:/opt/ros/humble /usr/bin/cmake --install /home/piotr/Desktop/courses/ROS/udemy_2/ROS_course_final_project/final_project_ws/build/my_robot_description
